android/app/seeds.txt
com.example.nexgo_print.NexgoApplication
com.example.nexgo_print.MainActivity
com.example.nexgo_print.NexgoApplication: NexgoApplication()
com.example.nexgo_print.MainActivity: MainActivity()
...
com.google.firebase.sessions.api.FirebaseSessionsDependencies$getRegisteredSubscribers$1
com.google.android.datatransport.runtime.scheduling.jobscheduling.SchedulerConfig$Flag
com.google.firebase.database.DatabaseRegistrar
androidx.window.embedding.EmbeddingTranslatingCallback
io.flutter.embedding.android.KeyData$DeviceType
kotlin.coroutines.EmptyCoroutineContext
androidx.datastore.preferences.protobuf.WireFormat$JavaType
com.google.android.datatransport.runtime.firebase.transport.LogEventDropped$Reason
androidx.datastore.core.SingleProcessDataStore$readAndInit$api$1$updateData$1
com.xinguodu.ddiinterface.struct.StrDukptInitInfo
com.google.firebase.installations.ktx.FirebaseInstallationsKtxRegistrar
com.google.firebase.crashlytics.ktx.FirebaseCrashlyticsKtxRegistrar
com.google.android.gms.common.util.DynamiteApi
androidx.window.layout.EmptyDecorator
androidx.fragment.app.FragmentTabHost
io.flutter.embedding.android.KeyboardMap$2
io.flutter.view.TextureRegistry$SurfaceTextureEntry
androidx.datastore.preferences.protobuf.InvalidProtocolBufferException
com.google.firebase.database.FirebaseDatabaseKtxRegistrar
com.xinguodu.ddiinterface.struct.HSM_ObjectProperty
kotlin.NoWhenBranchMatchedException
com.google.android.gms.common.internal.ClientIdentity
com.google.android.gms.common.zzs
com.google.firebase.sessions.settings.RemoteSettings$updateSettings$2$2
com.google.android.datatransport.Priority
androidx.window.embedding.EmbeddingAdapter
androidx.activity.ComponentActivity
androidx.datastore.preferences.core.PreferenceDataStoreFactory$create$delegate$1
androidx.window.embedding.EmbeddingCompat$Companion
kotlinx.coroutines.CoroutinesInternalError
com.google.android.gms.common.server.response.zal
com.google.android.datatransport.runtime.backends.BackendResponse$Status
com.google.firebase.database.core.view.QueryParams$ViewFrom
kotlin.random.Random$Default$Serialized
androidx.core.graphics.drawable.IconCompat
io.flutter.embedding.engine.FlutterOverlaySurface
androidx.core.app.RemoteActionCompatParcelizer
androidx.datastore.preferences.protobuf.FieldType
com.google.firebase.database.connection.Connection$DisconnectReason
com.google.firebase.sessions.InstallationId$Companion$create$1
com.google.firebase.sessions.api.SessionSubscriber$Name
androidx.window.embedding.SplitPlaceholderRule
kotlinx.coroutines.internal.ExceptionsConstructorKt$createSafeConstructor$$inlined$safeCtor$3
androidx.window.layout.SidecarCompat
androidx.window.java.R
androidx.lifecycle.Lifecycling$1
androidx.core.graphics.drawable.IconCompatParcelizer
androidx.datastore.preferences.protobuf.ByteString$BoundedByteString
com.google.firebase.database.snapshot.Node$HashVersion
androidx.datastore.core.SingleProcessDataStore$readAndInitOrPropagateFailure$1
io.flutter.embedding.engine.systemchannels.PlatformChannel$SoundType
com.google.firebase.components.ComponentDiscoveryService
com.google.android.gms.common.moduleinstall.ModuleInstallIntentResponse
androidx.datastore.core.SingleProcessDataStore$actor$1
com.google.firebase.database.connection.Connection$State
androidx.datastore.preferences.core.PreferencesKt$edit$2
kotlinx.coroutines.TimeoutCancellationException
androidx.lifecycle.Lifecycle$Event
io.flutter.embedding.engine.systemchannels.PlatformViewsChannel$PlatformViewCreationRequest$RequestedDisplayMode
androidx.window.embedding.SplitPairFilter
com.google.firebase.database.ktx.FirebaseDatabaseLegacyRegistrar
com.google.firebase.crashlytics.internal.common.DeliveryMechanism
com.xinguodu.ddiinterface.struct.StrPiccBInfo
com.xinguodu.ddiinterface.struct.StrSle4428
com.google.android.gms.common.server.FavaDiagnosticsEntity
com.google.android.datatransport.cct.internal.QosTier
com.google.android.gms.common.server.converter.StringToIntConverter
com.google.android.gms.common.GooglePlayServicesMissingManifestValueException
androidx.window.core.Version
com.google.firebase.sessions.SessionFirelogPublisherImpl$shouldLogSession$1