android/app/mapping.txt
# compiler: R8
# compiler_version: 3.3.70
# min_api: 21
# common_typos_disable
# {"id":"com.android.tools.r8.mapping","version":"2.0"}
# pg_map_id: 1cfbb81
# pg_map_hash: SHA-256 1cfbb81d0d649b86f1e83aaec6c2c3ff3e25fceefdb6889718ca38998a7787ff
com.example.nexgo_print.MainActivity -> com.example.nexgo_print.MainActivity:
    java.lang.String CHANNEL -> f
    com.google.firebase.database.DatabaseReference ref -> i
    com.nexgo.oaf.apiv3.DeviceEngine deviceEngine -> g
    com.nexgo.oaf.apiv3.device.printer.Printer printer -> h
    void $r8$lambda$as0zGlZzOq90nmuFD7mPioHwNPk(com.example.nexgo_print.MainActivity,io.flutter.plugin.common.MethodCall,io.flutter.plugin.common.MethodChannel$Result) -> X
      # {"id":"com.android.tools.r8.synthesized"}
    void lambda$configureFlutterEngine$0(io.flutter.plugin.common.MethodCall,io.flutter.plugin.common.MethodChannel$Result) -> Y
    void configureFlutterEngine(io.flutter.embedding.engine.FlutterEngine) -> j
com.example.nexgo_print.MainActivity$$ExternalSyntheticLambda0 -> r.a:
# {"id":"sourceFile","fileName":"R8$$SyntheticClass"}
# {"id":"com.android.tools.r8.synthesized"}
    com.example.nexgo_print.MainActivity com.example.nexgo_print.MainActivity$$InternalSyntheticLambda$1$9df34f1295042822790eddee1d701e1168c681bfdc9c4401b1840de104c7bef2$0.f$0 -> a
    void com.example.nexgo_print.MainActivity$$InternalSyntheticLambda$1$9df34f1295042822790eddee1d701e1168c681bfdc9c4401b1840de104c7bef2$0.<init>(com.example.nexgo_print.MainActivity) -> <init>
      # {"id":"com.android.tools.r8.synthesized"}
    void com.example.nexgo_print.MainActivity$$InternalSyntheticLambda$1$9df34f1295042822790eddee1d701e1168c681bfdc9c4401b1840de104c7bef2$0.onMethodCall(io.flutter.plugin.common.MethodCall,io.flutter.plugin.common.MethodChannel$Result) -> a
      # {"id":"com.android.tools.r8.synthesized"}
com.example.nexgo_print.MainActivity$1 -> com.example.nexgo_print.MainActivity$a:
    com.example.nexgo_print.MainActivity this$0 -> a
    void onPrintResult(int) -> a
com.example.nexgo_print.MainActivity$1$1 -> com.example.nexgo_print.MainActivity$a$a:
    com.example.nexgo_print.MainActivity$1 this$1 -> e
com.example.nexgo_print.NexgoApplication -> com.example.nexgo_print.NexgoApplication:
    com.nexgo.oaf.apiv3.DeviceEngine deviceEngine -> a
...
androidx.core.util.Preconditions -> i.e:
    java.lang.Object checkNotNull(java.lang.Object) -> a
    java.lang.Object checkNotNull(java.lang.Object,java.lang.Object) -> b
androidx.core.view.AccessibilityDelegateCompat -> j.a:
    android.view.View$AccessibilityDelegate mOriginalDelegate -> a
    android.view.View$AccessibilityDelegate mBridge -> b
    android.view.View$AccessibilityDelegate DEFAULT_DELEGATE -> c
    boolean dispatchPopulateAccessibilityEvent(android.view.View,android.view.accessibility.AccessibilityEvent) -> a
    androidx.core.view.accessibility.AccessibilityNodeProviderCompat getAccessibilityNodeProvider(android.view.View) -> b
    java.util.List getActionList(android.view.View) -> c
    android.view.View$AccessibilityDelegate getBridge() -> d
    boolean isSpanStillValid(android.text.style.ClickableSpan,android.view.View) -> e
    void onInitializeAccessibilityEvent(android.view.View,android.view.accessibility.AccessibilityEvent) -> f
    void onInitializeAccessibilityNodeInfo(android.view.View,androidx.core.view.accessibility.AccessibilityNodeInfoCompat) -> g
    void onPopulateAccessibilityEvent(android.view.View,android.view.accessibility.AccessibilityEvent) -> h
    boolean onRequestSendAccessibilityEvent(android.view.ViewGroup,android.view.View,android.view.accessibility.AccessibilityEvent) -> i
    boolean performAccessibilityAction(android.view.View,int,android.os.Bundle) -> j
    boolean performClickableSpanAction(int,android.view.View) -> k
    void sendAccessibilityEvent(android.view.View,int) -> l
    void sendAccessibilityEventUnchecked(android.view.View,android.view.accessibility.AccessibilityEvent) -> m
androidx.core.view.AccessibilityDelegateCompat$AccessibilityDelegateAdapter -> j.a$a:
    androidx.core.view.AccessibilityDelegateCompat mCompat -> a
androidx.core.view.DisplayCutoutCompat -> j.b:
    java.lang.Object mDisplayCutout -> a
    int getSafeInsetBottom() -> a
    int getSafeInsetLeft() -> b
    int getSafeInsetRight() -> c
    int getSafeInsetTop() -> d
    androidx.core.view.DisplayCutoutCompat wrap(java.lang.Object) -> e
androidx.core.view.KeyEventDispatcher -> j.c:
    java.lang.reflect.Field sDialogKeyListenerField -> d
    boolean sActionBarFieldsFetched -> a
    boolean sDialogFieldsFetched -> c
    java.lang.reflect.Method sActionBarOnMenuKeyMethod -> b
    boolean actionBarOnMenuKeyEventPre28(android.app.ActionBar,android.view.KeyEvent) -> a
    boolean activitySuperDispatchKeyEventPre28(android.app.Activity,android.view.KeyEvent) -> b
    boolean dialogSuperDispatchKeyEventPre28(android.app.Dialog,android.view.KeyEvent) -> c
    boolean dispatchBeforeHierarchy(android.view.View,android.view.KeyEvent) -> d
    boolean dispatchKeyEvent(androidx.core.view.KeyEventDispatcher$Component,android.view.View,android.view.Window$Callback,android.view.KeyEvent) -> e
    android.content.DialogInterface$OnKeyListener getDialogKeyListenerPre28(android.app.Dialog) -> f
androidx.core.view.KeyEventDispatcher$Component -> j.c$a:
    boolean superDispatchKeyEvent(android.view.KeyEvent) -> b
androidx.core.view.LayoutInflaterCompat -> j.d:
    void setFactory2(android.view.LayoutInflater,android.view.LayoutInflater$Factory2) -> a