android/app/unused.txt
com.example.nexgo_print.BuildConfig
com.example.nexgo_print.R$attr
com.example.nexgo_print.R$bool
com.example.nexgo_print.R$color
com.example.nexgo_print.R$dimen
com.example.nexgo_print.R$drawable
com.example.nexgo_print.R$id
com.example.nexgo_print.R$integer
com.example.nexgo_print.R$layout
com.example.nexgo_print.R$mipmap
com.example.nexgo_print.R$raw
com.example.nexgo_print.R$string
com.example.nexgo_print.R$style
com.example.nexgo_print.R$styleable
com.example.nexgo_print.R
...
com.google.android.gms.internal.common.zzaj
com.google.android.gms.internal.common.zzak
com.google.android.gms.internal.common.zzc:
    public static final synthetic int zza
    public static void zzc(android.os.Parcel,android.os.Parcelable)
    public static void zzd(android.os.Parcel,android.os.Parcelable)
    public static boolean zzf(android.os.Parcel)
com.google.android.gms.internal.common.zze
com.google.android.gms.internal.common.zzf
com.google.android.gms.internal.common.zzg
com.google.android.gms.internal.common.zzh
com.google.android.gms.internal.common.zzi:
    public void <init>()
com.google.android.gms.internal.common.zzj
com.google.android.gms.internal.common.zzk
com.google.android.gms.internal.common.zzl
com.google.android.gms.internal.common.zzm
com.google.android.gms.internal.common.zzn
com.google.android.gms.internal.common.zzo
com.google.android.gms.internal.common.zzp
com.google.android.gms.internal.common.zzq
com.google.android.gms.internal.common.zzr
com.google.android.gms.internal.common.zzs
com.google.android.gms.internal.common.zzt
com.google.android.gms.internal.common.zzu
com.google.android.gms.internal.common.zzv
com.google.android.gms.internal.common.zzw
com.google.android.gms.internal.common.zzx
com.google.android.gms.internal.common.zzy
com.google.android.gms.internal.common.zzz
com.google.android.gms.internal.tasks.zza:
    public void <init>()
com.google.android.gms.security.ProviderInstaller$ProviderInstallListener
com.google.android.gms.security.ProviderInstaller
com.google.android.gms.security.zza
com.google.android.gms.signin.internal.SignInClientImpl:
    public final void zaa()
    public final void zac(com.google.android.gms.common.internal.IAccountAccessor,boolean)
com.google.android.gms.signin.internal.zac:
    public void zab(com.google.android.gms.signin.internal.zak)
com.google.android.gms.signin.internal.zaf:
    public final void zae(int)
    public final void zaf(com.google.android.gms.common.internal.IAccountAccessor,int,boolean)
com.google.android.gms.signin.zae:
    public abstract void zaa()
    public abstract void zac(com.google.android.gms.common.internal.IAccountAccessor,boolean)
com.google.android.gms.tasks.CancellationToken
com.google.android.gms.tasks.CancellationTokenSource:
    private final com.google.android.gms.tasks.zzb zza
    public void <init>()
    public com.google.android.gms.tasks.CancellationToken getToken()
com.google.android.gms.tasks.NativeOnCompleteListener
com.google.android.gms.tasks.OnTokenCanceledListener
com.google.android.gms.tasks.R
com.google.android.gms.tasks.Task:
    public com.google.android.gms.tasks.Task addOnCanceledListener(android.app.Activity,com.google.android.gms.tasks.OnCanceledListener)
    public com.google.android.gms.tasks.Task addOnCanceledListener(com.google.android.gms.tasks.OnCanceledListener)
    public com.google.android.gms.tasks.Task addOnCompleteListener(android.app.Activity,com.google.android.gms.tasks.OnCompleteListener)
    public abstract com.google.android.gms.tasks.Task addOnFailureListener(android.app.Activity,com.google.android.gms.tasks.OnFailureListener)
    public abstract com.google.android.gms.tasks.Task addOnSuccessListener(android.app.Activity,com.google.android.gms.tasks.OnSuccessListener)
    public com.google.android.gms.tasks.Task continueWithTask(com.google.android.gms.tasks.Continuation)
    public abstract java.lang.Object getResult(java.lang.Class)
com.google.android.gms.tasks.TaskCompletionSource:
    public void <init>(com.google.android.gms.tasks.CancellationToken)
    static synthetic bridge com.google.android.gms.tasks.zzw zza(com.google.android.gms.tasks.TaskCompletionSource)
com.google.android.gms.tasks.TaskExecutors:
    private void <init>()